{"contracts/core/MainAggregator.sol":{"l":{"46":18,"47":0,"50":18,"51":18,"52":18,"62":8,"63":7,"64":7,"65":7,"67":7,"69":7,"76":7,"77":7,"78":7,"80":7,"91":19,"92":19,"94":19,"95":19,"97":19,"102":2,"107":1,"112":0,"117":0,"119":0,"121":0,"126":0,"130":0,"134":0,"136":0,"137":0,"139":0},"path":"/home/ludskoe/mainhntrepo/contracts/contracts/core/MainAggregator.sol","s":{"1":18,"2":8,"3":7,"4":7,"5":7,"6":7,"7":7,"8":7,"9":7,"10":7,"11":19,"12":19,"13":19,"14":2,"15":1,"16":0,"17":0,"18":0,"19":0,"20":0,"21":0,"22":0,"23":0},"b":{"1":[0,18],"2":[0,0],"3":[0,0],"4":[8,0],"5":[8,0],"6":[1,7],"7":[0,7],"8":[0,7],"9":[19,1],"10":[0,19],"11":[19,0],"12":[0,0],"13":[0,0],"14":[0,0],"15":[0,0],"16":[0,0],"17":[0,0],"18":[0,0]},"f":{"1":18,"2":8,"3":19,"4":2,"5":1,"6":0,"7":0,"8":0,"9":0,"10":0},"fnMap":{"1":{"name":"constructor","line":45,"loc":{"start":{"line":45,"column":4},"end":{"line":53,"column":4}}},"2":{"name":"registerVerification","line":61,"loc":{"start":{"line":56,"column":4},"end":{"line":87,"column":4}}},"3":{"name":"addAdapter","line":90,"loc":{"start":{"line":90,"column":4},"end":{"line":98,"column":4}}},"4":{"name":"isVerifiedHuman","line":101,"loc":{"start":{"line":101,"column":4},"end":{"line":103,"column":4}}},"5":{"name":"getTrustScore","line":106,"loc":{"start":{"line":106,"column":4},"end":{"line":108,"column":4}}},"6":{"name":"getVerificationCount","line":111,"loc":{"start":{"line":111,"column":4},"end":{"line":113,"column":4}}},"7":{"name":"revokeTokens","line":116,"loc":{"start":{"line":116,"column":4},"end":{"line":122,"column":4}}},"8":{"name":"pause","line":125,"loc":{"start":{"line":125,"column":4},"end":{"line":127,"column":4}}},"9":{"name":"unpause","line":129,"loc":{"start":{"line":129,"column":4},"end":{"line":131,"column":4}}},"10":{"name":"removeAdapter","line":133,"loc":{"start":{"line":133,"column":4},"end":{"line":140,"column":4}}}},"statementMap":{"1":{"start":{"line":46,"column":8},"end":{"line":46,"column":1583}},"2":{"start":{"line":62,"column":8},"end":{"line":62,"column":64}},"3":{"start":{"line":63,"column":8},"end":{"line":63,"column":55}},"4":{"start":{"line":64,"column":8},"end":{"line":64,"column":67}},"5":{"start":{"line":67,"column":8},"end":{"line":67,"column":58}},"6":{"start":{"line":69,"column":8},"end":{"line":69,"column":2447}},"7":{"start":{"line":76,"column":8},"end":{"line":76,"column":49}},"8":{"start":{"line":77,"column":8},"end":{"line":77,"column":60}},"9":{"start":{"line":78,"column":8},"end":{"line":78,"column":51}},"10":{"start":{"line":80,"column":8},"end":{"line":80,"column":2829}},"11":{"start":{"line":91,"column":8},"end":{"line":91,"column":58}},"12":{"start":{"line":92,"column":8},"end":{"line":92,"column":50}},"13":{"start":{"line":97,"column":8},"end":{"line":97,"column":44}},"14":{"start":{"line":102,"column":8},"end":{"line":102,"column":54}},"15":{"start":{"line":107,"column":8},"end":{"line":107,"column":67}},"16":{"start":{"line":112,"column":8},"end":{"line":112,"column":45}},"17":{"start":{"line":117,"column":8},"end":{"line":117,"column":55}},"18":{"start":{"line":119,"column":8},"end":{"line":119,"column":47}},"19":{"start":{"line":121,"column":8},"end":{"line":121,"column":40}},"20":{"start":{"line":126,"column":8},"end":{"line":126,"column":15}},"21":{"start":{"line":130,"column":8},"end":{"line":130,"column":17}},"22":{"start":{"line":134,"column":8},"end":{"line":134,"column":58}},"23":{"start":{"line":139,"column":8},"end":{"line":139,"column":36}}},"branchMap":{"1":{"line":46,"type":"if","locations":[{"start":{"line":46,"column":8},"end":{"line":46,"column":8}},{"start":{"line":46,"column":8},"end":{"line":46,"column":8}}]},"2":{"line":46,"type":"cond-expr","locations":[{"start":{"line":46,"column":12},"end":{"line":46,"column":35}},{"start":{"line":46,"column":40},"end":{"line":46,"column":61}}]},"3":{"line":46,"type":"cond-expr","locations":[{"start":{"line":46,"column":12},"end":{"line":46,"column":61}},{"start":{"line":46,"column":66},"end":{"line":46,"column":88}}]},"4":{"line":61,"type":"if","locations":[{"start":{"line":61,"column":15},"end":{"line":61,"column":15}},{"start":{"line":61,"column":15},"end":{"line":61,"column":15}}]},"5":{"line":61,"type":"if","locations":[{"start":{"line":61,"column":28},"end":{"line":61,"column":28}},{"start":{"line":61,"column":28},"end":{"line":61,"column":28}}]},"6":{"line":62,"type":"if","locations":[{"start":{"line":62,"column":8},"end":{"line":62,"column":8}},{"start":{"line":62,"column":8},"end":{"line":62,"column":8}}]},"7":{"line":63,"type":"if","locations":[{"start":{"line":63,"column":8},"end":{"line":63,"column":8}},{"start":{"line":63,"column":8},"end":{"line":63,"column":8}}]},"8":{"line":64,"type":"if","locations":[{"start":{"line":64,"column":8},"end":{"line":64,"column":8}},{"start":{"line":64,"column":8},"end":{"line":64,"column":8}}]},"9":{"line":90,"type":"if","locations":[{"start":{"line":90,"column":66},"end":{"line":90,"column":66}},{"start":{"line":90,"column":66},"end":{"line":90,"column":66}}]},"10":{"line":91,"type":"if","locations":[{"start":{"line":91,"column":8},"end":{"line":91,"column":8}},{"start":{"line":91,"column":8},"end":{"line":91,"column":8}}]},"11":{"line":92,"type":"if","locations":[{"start":{"line":92,"column":8},"end":{"line":92,"column":8}},{"start":{"line":92,"column":8},"end":{"line":92,"column":8}}]},"12":{"line":116,"type":"if","locations":[{"start":{"line":116,"column":65},"end":{"line":116,"column":65}},{"start":{"line":116,"column":65},"end":{"line":116,"column":65}}]},"13":{"line":116,"type":"if","locations":[{"start":{"line":116,"column":75},"end":{"line":116,"column":75}},{"start":{"line":116,"column":75},"end":{"line":116,"column":75}}]},"14":{"line":117,"type":"if","locations":[{"start":{"line":117,"column":8},"end":{"line":117,"column":8}},{"start":{"line":117,"column":8},"end":{"line":117,"column":8}}]},"15":{"line":125,"type":"if","locations":[{"start":{"line":125,"column":30},"end":{"line":125,"column":30}},{"start":{"line":125,"column":30},"end":{"line":125,"column":30}}]},"16":{"line":129,"type":"if","locations":[{"start":{"line":129,"column":32},"end":{"line":129,"column":32}},{"start":{"line":129,"column":32},"end":{"line":129,"column":32}}]},"17":{"line":133,"type":"if","locations":[{"start":{"line":133,"column":53},"end":{"line":133,"column":53}},{"start":{"line":133,"column":53},"end":{"line":133,"column":53}}]},"18":{"line":134,"type":"if","locations":[{"start":{"line":134,"column":8},"end":{"line":134,"column":8}},{"start":{"line":134,"column":8},"end":{"line":134,"column":8}}]}}},"contracts/core/VerificationSBT.sol":{"l":{"26":18,"27":18,"31":9,"33":9,"39":9,"40":9,"42":9,"46":7,"50":0,"51":0,"52":0,"61":0,"62":0,"67":10,"68":10,"69":1,"71":9,"75":0},"path":"/home/ludskoe/mainhntrepo/contracts/contracts/core/VerificationSBT.sol","s":{"1":18,"2":18,"3":9,"4":9,"5":9,"6":9,"7":7,"8":0,"9":0,"10":0,"11":0,"12":0,"13":10,"14":10,"15":9,"16":0},"b":{"1":[9,0],"2":[1,9]},"f":{"1":18,"2":9,"3":7,"4":0,"5":0,"6":10,"7":0},"fnMap":{"1":{"name":"constructor","line":25,"loc":{"start":{"line":25,"column":4},"end":{"line":28,"column":4}}},"2":{"name":"mint","line":30,"loc":{"start":{"line":30,"column":4},"end":{"line":43,"column":4}}},"3":{"name":"totalSupply","line":45,"loc":{"start":{"line":45,"column":4},"end":{"line":47,"column":4}}},"4":{"name":"tokenURI","line":49,"loc":{"start":{"line":49,"column":4},"end":{"line":58,"column":4}}},"5":{"name":"getMetadata","line":60,"loc":{"start":{"line":60,"column":4},"end":{"line":63,"column":4}}},"6":{"name":"_update","line":66,"loc":{"start":{"line":66,"column":4},"end":{"line":72,"column":4}}},"7":{"name":"supportsInterface","line":74,"loc":{"start":{"line":74,"column":4},"end":{"line":76,"column":4}}}},"statementMap":{"1":{"start":{"line":26,"column":8},"end":{"line":26,"column":49}},"2":{"start":{"line":27,"column":8},"end":{"line":27,"column":38}},"3":{"start":{"line":31,"column":8},"end":{"line":31,"column":43}},"4":{"start":{"line":39,"column":8},"end":{"line":39,"column":29}},"5":{"start":{"line":40,"column":8},"end":{"line":40,"column":60}},"6":{"start":{"line":42,"column":8},"end":{"line":42,"column":22}},"7":{"start":{"line":46,"column":8},"end":{"line":46,"column":30}},"8":{"start":{"line":50,"column":8},"end":{"line":50,"column":29}},"9":{"start":{"line":51,"column":8},"end":{"line":51,"column":51}},"10":{"start":{"line":52,"column":8},"end":{"line":52,"column":1634}},"11":{"start":{"line":61,"column":8},"end":{"line":61,"column":29}},"12":{"start":{"line":62,"column":8},"end":{"line":62,"column":32}},"13":{"start":{"line":67,"column":8},"end":{"line":67,"column":40}},"14":{"start":{"line":68,"column":8},"end":{"line":68,"column":2161}},"15":{"start":{"line":71,"column":8},"end":{"line":71,"column":47}},"16":{"start":{"line":75,"column":8},"end":{"line":75,"column":51}}},"branchMap":{"1":{"line":30,"type":"if","locations":[{"start":{"line":30,"column":71},"end":{"line":30,"column":71}},{"start":{"line":30,"column":71},"end":{"line":30,"column":71}}]},"2":{"line":68,"type":"if","locations":[{"start":{"line":68,"column":8},"end":{"line":68,"column":8}},{"start":{"line":68,"column":8},"end":{"line":68,"column":8}}]}}},"contracts/core/VerificationToken.sol":{"l":{"12":18,"13":18,"17":14},"path":"/home/ludskoe/mainhntrepo/contracts/contracts/core/VerificationToken.sol","s":{"1":18,"2":18,"3":14},"b":{"1":[14,0]},"f":{"1":18,"2":14},"fnMap":{"1":{"name":"constructor","line":11,"loc":{"start":{"line":11,"column":4},"end":{"line":14,"column":4}}},"2":{"name":"mint","line":16,"loc":{"start":{"line":16,"column":4},"end":{"line":18,"column":4}}}},"statementMap":{"1":{"start":{"line":12,"column":8},"end":{"line":12,"column":49}},"2":{"start":{"line":13,"column":8},"end":{"line":13,"column":38}},"3":{"start":{"line":17,"column":8},"end":{"line":17,"column":24}}},"branchMap":{"1":{"line":16,"type":"if","locations":[{"start":{"line":16,"column":55},"end":{"line":16,"column":55}},{"start":{"line":16,"column":55},"end":{"line":16,"column":55}}]}}},"contracts/integrations/GitcoinAdapter.sol":{"l":{"29":18,"30":18,"34":11,"37":11,"38":10,"39":9,"41":7,"42":7,"44":7,"46":7,"48":7,"50":7,"54":1},"path":"/home/ludskoe/mainhntrepo/contracts/contracts/integrations/GitcoinAdapter.sol","s":{"1":11,"2":11,"3":10,"4":9,"5":7,"6":7,"7":7,"8":7,"9":7,"10":1},"b":{"1":[1,10],"2":[1,9],"3":[2,7],"4":[0,7]},"f":{"1":18,"2":11,"3":1},"fnMap":{"1":{"name":"constructor","line":28,"loc":{"start":{"line":28,"column":4},"end":{"line":31,"column":4}}},"2":{"name":"verifyAndRegister","line":33,"loc":{"start":{"line":33,"column":4},"end":{"line":51,"column":4}}},"3":{"name":"getSourceId","line":53,"loc":{"start":{"line":53,"column":4},"end":{"line":55,"column":4}}}},"statementMap":{"1":{"start":{"line":34,"column":8},"end":{"line":34,"column":1192}},"2":{"start":{"line":37,"column":8},"end":{"line":37,"column":79}},"3":{"start":{"line":38,"column":8},"end":{"line":38,"column":51}},"4":{"start":{"line":39,"column":8},"end":{"line":39,"column":57}},"5":{"start":{"line":41,"column":8},"end":{"line":41,"column":85}},"6":{"start":{"line":42,"column":8},"end":{"line":42,"column":64}},"7":{"start":{"line":44,"column":8},"end":{"line":44,"column":88}},"8":{"start":{"line":48,"column":8},"end":{"line":48,"column":66}},"9":{"start":{"line":50,"column":8},"end":{"line":50,"column":49}},"10":{"start":{"line":54,"column":8},"end":{"line":54,"column":16}}},"branchMap":{"1":{"line":37,"type":"if","locations":[{"start":{"line":37,"column":8},"end":{"line":37,"column":8}},{"start":{"line":37,"column":8},"end":{"line":37,"column":8}}]},"2":{"line":38,"type":"if","locations":[{"start":{"line":38,"column":8},"end":{"line":38,"column":8}},{"start":{"line":38,"column":8},"end":{"line":38,"column":8}}]},"3":{"line":39,"type":"if","locations":[{"start":{"line":39,"column":8},"end":{"line":39,"column":8}},{"start":{"line":39,"column":8},"end":{"line":39,"column":8}}]},"4":{"line":44,"type":"if","locations":[{"start":{"line":44,"column":8},"end":{"line":44,"column":8}},{"start":{"line":44,"column":8},"end":{"line":44,"column":8}}]}}},"contracts/integrations/helpers/ByteHasher.sol":{"l":{"6":0},"path":"/home/ludskoe/mainhntrepo/contracts/contracts/integrations/helpers/ByteHasher.sol","s":{"1":0},"b":{},"f":{"1":0},"fnMap":{"1":{"name":"hashToField","line":5,"loc":{"start":{"line":5,"column":4},"end":{"line":7,"column":4}}}},"statementMap":{"1":{"start":{"line":6,"column":8},"end":{"line":6,"column":63}}},"branchMap":{}},"contracts/integrations/interfaces/IWorldID.sol":{"l":{},"path":"/home/ludskoe/mainhntrepo/contracts/contracts/integrations/interfaces/IWorldID.sol","s":{},"b":{},"f":{},"fnMap":{},"statementMap":{},"branchMap":{}},"contracts/integrations/WorldcoinAdapter.sol":{"l":{"31":0,"32":0,"34":0,"40":0,"43":0,"45":0,"54":0,"56":0,"63":0,"67":0},"path":"/home/ludskoe/mainhntrepo/contracts/contracts/integrations/WorldcoinAdapter.sol","s":{"1":0,"2":0,"3":0,"4":0,"5":0,"6":0},"b":{"1":[0,0]},"f":{"1":0,"2":0,"3":0},"fnMap":{"1":{"name":"constructor","line":25,"loc":{"start":{"line":25,"column":4},"end":{"line":37,"column":4}}},"2":{"name":"verifyAndRegister","line":39,"loc":{"start":{"line":39,"column":4},"end":{"line":64,"column":4}}},"3":{"name":"getSourceId","line":66,"loc":{"start":{"line":66,"column":4},"end":{"line":68,"column":4}}}},"statementMap":{"1":{"start":{"line":40,"column":8},"end":{"line":40,"column":1250}},"2":{"start":{"line":43,"column":8},"end":{"line":43,"column":70}},"3":{"start":{"line":45,"column":8},"end":{"line":45,"column":1426}},"4":{"start":{"line":56,"column":8},"end":{"line":56,"column":1701}},"5":{"start":{"line":63,"column":8},"end":{"line":63,"column":51}},"6":{"start":{"line":67,"column":8},"end":{"line":67,"column":16}}},"branchMap":{"1":{"line":43,"type":"if","locations":[{"start":{"line":43,"column":8},"end":{"line":43,"column":8}},{"start":{"line":43,"column":8},"end":{"line":43,"column":8}}]}}},"contracts/interfaces/IHumanityOracle.sol":{"l":{},"path":"/home/ludskoe/mainhntrepo/contracts/contracts/interfaces/IHumanityOracle.sol","s":{},"b":{},"f":{},"fnMap":{},"statementMap":{},"branchMap":{}},"contracts/interfaces/IVerificationAdapter.sol":{"l":{},"path":"/home/ludskoe/mainhntrepo/contracts/contracts/interfaces/IVerificationAdapter.sol","s":{},"b":{},"f":{},"fnMap":{},"statementMap":{},"branchMap":{}}}